<?xml version="1.0" encoding="UTF-8"?>
<!-- Generated by org.testng.reporters.JUnitXMLReporter -->
<testsuite ignored="0" hostname="HP840G3250" failures="1" tests="3" name="Default test" time="75.004" errors="0" timestamp="2024-05-22T11:21:41 IST">
  <testcase classname="io.cucumber.testng.AbstractTestNGCucumberTests" name="runScenario" time="25.275"/>
  <testcase classname="io.cucumber.testng.AbstractTestNGCucumberTests" name="runScenario" time="10.225">
    <failure type="java.lang.AssertionError" message="Searched item is Laptop and miss match found is Apple 2023 MacBook Pro (16-inch, M3 Max chip with 16‑core CPU and 40‑core GPU, 48GB Unified Memory, 1TB) - Space Black, Apple 2023 MacBook Pro (14-inch, M3 Max chip with 14‑core CPU and 30‑core GPU, 36GB Unified Memory, 1TB) - Space Black expected [true] but found [false]">
      <![CDATA[java.lang.AssertionError: Searched item is Laptop and miss match found is Apple 2023 MacBook Pro (16-inch, M3 Max chip with 16‑core CPU and 40‑core GPU, 48GB Unified Memory, 1TB) - Space Black, Apple 2023 MacBook Pro (14-inch, M3 Max chip with 14‑core CPU and 30‑core GPU, 36GB Unified Memory, 1TB) - Space Black expected [true] but found [false]
at org.testng.Assert.fail(Assert.java:111)
at org.testng.Assert.failNotEquals(Assert.java:1578)
at org.testng.Assert.assertTrue(Assert.java:57)
at stepdefenitions.HomePageSteps.verifySearchResults(HomePageSteps.java:43)
at ✽.I Verify "Search Results" are for "Laptop" on home page(file:///D:/EclipseWorkspace/uiautomation/src/test/resources/features/SearchTest.feature:11)
]]>
    </failure>
  </testcase> <!-- runScenario -->
  <testcase classname="io.cucumber.testng.AbstractTestNGCucumberTests" name="runScenario" time="39.084"/>
</testsuite> <!-- Default test -->
